<?xml version="1.0" encoding="UTF-8"?>
<!-- Generated by org.testng.reporters.JUnitReportReporter -->
<testsuite skipped="0" hostname="Jagadeesh2" name="org.testng_runner.Part2_TestNG" tests="7" failures="0" timestamp="2021-10-30T22:44:10 IST" time="71.633" errors="0">
  <testcase name="dress_Select" time="11.301" classname="org.testng_runner.Part2_TestNG"/>
  <system-out/>
  <testcase name="choose_dress" time="4.810" classname="org.testng_runner.Part2_TestNG"/>
  <system-out/>
  <testcase name="add_Card" time="15.576" classname="org.testng_runner.Part2_TestNG"/>
  <system-out/>
  <testcase name="login" time="6.926" classname="org.testng_runner.Part2_TestNG"/>
  <system-out/>
  <testcase name="conform_order" time="6.273" classname="org.testng_runner.Part2_TestNG"/>
  <system-out/>
  <testcase name="shipping_order" time="6.479" classname="org.testng_runner.Part2_TestNG"/>
  <system-out/>
  <testcase name="payment" time="20.268" classname="org.testng_runner.Part2_TestNG"/>
  <system-out/>
</testsuite> <!-- org.testng_runner.Part2_TestNG -->
