<?xml version="1.0" encoding="UTF-8"?>
<!-- Generated by org.testng.reporters.JUnitReportReporter -->
<testsuite skipped="0" hostname="Jagadeesh2" name="org.testng_runner.Part2_TestNG" tests="7" failures="0" timestamp="2021-10-31T16:21:25 IST" time="82.712" errors="0">
  <testcase name="dress_Select" time="13.743" classname="org.testng_runner.Part2_TestNG"/>
  <system-out/>
  <testcase name="choose_dress" time="4.813" classname="org.testng_runner.Part2_TestNG"/>
  <system-out/>
  <testcase name="add_Card" time="19.561" classname="org.testng_runner.Part2_TestNG"/>
  <system-out/>
  <testcase name="login" time="9.888" classname="org.testng_runner.Part2_TestNG"/>
  <system-out/>
  <testcase name="conform_order" time="6.876" classname="org.testng_runner.Part2_TestNG"/>
  <system-out/>
  <testcase name="shipping_order" time="6.950" classname="org.testng_runner.Part2_TestNG"/>
  <system-out/>
  <testcase name="payment" time="20.881" classname="org.testng_runner.Part2_TestNG"/>
  <system-out/>
</testsuite> <!-- org.testng_runner.Part2_TestNG -->
