<?xml version="1.0" encoding="UTF-8"?>
<!-- Generated by org.testng.reporters.JUnitReportReporter -->
<testsuite skipped="0" hostname="Jagadeesh2" name="org.testng_runner.Part1_TestNG" tests="2" failures="0" timestamp="2021-10-30T22:44:10 IST" time="19.723" errors="0">
  <testcase name="signUp" time="5.478" classname="org.testng_runner.Part1_TestNG"/>
  <system-out/>
  <testcase name="registration" time="14.245" classname="org.testng_runner.Part1_TestNG"/>
  <system-out/>
</testsuite> <!-- org.testng_runner.Part1_TestNG -->
